# file opened: C:\Users\rmore\Documentos\Universidad\2ndo\AOC\Arquitectura-y-organizacion-de-computadore\Barra de Colores\colorBars.asm
 1    0000                      DEVICE ZXSPECTRUM48
 2    0000              	SLDOPT COMMENT WPMEM, LOGPOINT, ASSETION
 3    0000                      ORG $8000               ; Program located at $8000 = 32768.
 4    8000
 5    8000              BEGIN:
 6    8000 F3                   DI              ; Disable interruptions.
 7    8001 31 00 00             LD SP, 0        ; Set the stack pointer to the top of memory.
 8    8004 21 00 58             LD HL, $5800    ; First square of the screen.
 9    8007              MAIN:
10    8007 0E 00                LD C, 0         ; Initial color (black).
11    8009              PAINTLINE:
12    8009 06 04                LD B, 4         ; Counter PAINTCOLOR.
13    800B              PAINTCOLOR:
14    800B 71                   LD (HL), C              ; Paint color square.
15    800C 23                   INC HL                  ; Next square.
16    800D 10 FC                DJNZ PAINTCOLOR         ; For (i = 4, i > 0, i--)
17    800F              CHANGECOLOR:
18    800F 79                   LD A, C
19    8010 C6 08                ADD 8                   ; Change to next color.
20    8012 E6 38                AND %00111000           ; Keep just the paper color.
21    8014 4F                   LD C, A
22    8015 7C                   LD A, H
23    8016 FE 5B                CP $5B
24    8018 20 EF                JR NZ, PAINTLINE     ; while (HL != $5B00)
25    801A
26    801A              ENDOFCODE:
27    801A 18 FE                JR ENDOFCODE
28    801C
# file closed: C:\Users\rmore\Documentos\Universidad\2ndo\AOC\Arquitectura-y-organizacion-de-computadore\Barra de Colores\colorBars.asm
